2025-07-04 15:51:43,126 === Flask Bedrock KB Debug Server Starting ===
2025-07-04 15:51:43,137 Found credentials in shared credentials file: ~/.aws/credentials
2025-07-04 15:51:43,267 [31m[1mWARNING: This is a development server. Do not use it in a production deployment. Use a production WSGI server instead.[0m
 * Running on http://127.0.0.1:5000
2025-07-04 15:51:43,267 [33mPress CTRL+C to quit[0m
2025-07-04 15:51:43,268  * Restarting with stat
2025-07-04 15:51:43,392 === Flask Bedrock KB Debug Server Starting ===
2025-07-04 15:51:43,400 Found credentials in shared credentials file: ~/.aws/credentials
2025-07-04 15:51:43,445  * Debugger is active!
2025-07-04 15:51:43,452  * Debugger PIN: 394-504-969
2025-07-04 15:55:34,234  * Detected change in '/Users/jasonmarquette/Website/app.py', reloading
2025-07-04 15:55:34,291  * Restarting with stat
2025-07-04 15:55:34,484 === Flask Bedrock KB Debug Server Starting ===
2025-07-04 15:55:34,493 Found credentials in shared credentials file: ~/.aws/credentials
2025-07-04 15:55:34,562  * Debugger is active!
2025-07-04 15:55:34,568  * Debugger PIN: 394-504-969
2025-07-04 15:57:34,987  * Detected change in '/Users/jasonmarquette/Website/app.py', reloading
2025-07-04 15:57:35,040  * Restarting with stat
2025-07-04 15:57:35,256 === Flask Bedrock KB Debug Server Starting ===
2025-07-04 15:57:35,264 Found credentials in shared credentials file: ~/.aws/credentials
2025-07-04 15:57:35,332  * Debugger is active!
2025-07-04 15:57:35,337  * Debugger PIN: 394-504-969
